
RAxML-NG v. 0.9.0 released on 20.05.2019 by The Exelixis Lab.
Developed by: Alexey M. Kozlov and Alexandros Stamatakis.
Contributors: Diego Darriba, Tomas Flouri, Benoit Morel, Sarah Lutteropp, Ben Bettisworth.
Latest version: https://github.com/amkozlov/raxml-ng
Questions/problems/suggestions? Please visit: https://groups.google.com/forum/#!forum/raxml

RAxML-NG was called at 10-Jun-2020 16:27:24 as follows:

raxml-ng --model GTR+G6+FO+IO --msa /pasteur/entites/Bioevo/sars-cov2-data/20200425/alignments/subsampled_phylogenetic_4.fa --msa-format FASTA --data-type DNA --seed 239 --threads 12 --force --blmin 3.36406e-06 --precision 16 --tree /pasteur/entites/Bioevo/sars-cov2-data/20200425/phylogenies/raxfast_subsampled_phylogenetic_4.start.nwk --simd avx2

Analysis options:
  run mode: ML tree search
  start tree(s): user
  random seed: 239
  tip-inner: OFF
  pattern compression: ON
  per-rate scalers: OFF
  site repeats: ON
  fast spr radius: AUTO
  spr subtree cutoff: 1.000000
  branch lengths: proportional (ML estimate, algorithm: NR-FAST)
  SIMD kernels: AVX2
  parallelization: PTHREADS (12 threads), thread pinning: OFF

WARNING: Running in FORCE mode: all safety checks are disabled!

[00:00:00] Reading alignment from file: /pasteur/entites/Bioevo/sars-cov2-data/20200425/alignments/subsampled_phylogenetic_4.fa
[00:00:00] Loaded alignment with 1714 taxa and 29726 sites

Alignment comprises 1 partitions and 11105 patterns

Partition 0: noname
Model: GTR+FO+I+G6m
Alignment sites / patterns: 29726 / 11105
Gaps: 0.53 %
Invariant sites: 89.62 %


NOTE: Binary MSA file created: /pasteur/entites/Bioevo/sars-cov2-data/20200425/alignments/subsampled_phylogenetic_4.fa.raxml.rba

[00:00:02] Loading user starting tree(s) from: /pasteur/entites/Bioevo/sars-cov2-data/20200425/phylogenies/raxfast_subsampled_phylogenetic_4.start.nwk
[00:00:02] Data distribution: max. partitions/sites/weight per thread: 1 / 926 / 22224

Starting ML tree search with 1 distinct starting trees

[00:00:02 -84167.3474408039037371] Initial branch length optimization
[00:00:04 -83977.0838056436332408] Model parameter optimization (eps = 10.0000000000000000)
[00:00:27 -81040.9265982073557097] AUTODETECT spr round 1 (radius: 5)
[00:02:16 -80922.9102893079689238] AUTODETECT spr round 2 (radius: 10)
[00:04:52 -80859.8989167081890628] AUTODETECT spr round 3 (radius: 15)
[00:08:30 -80803.6020097746368265] AUTODETECT spr round 4 (radius: 20)
[00:13:14 -80748.4804620131035335] AUTODETECT spr round 5 (radius: 25)
[00:19:12 -80651.4542221676965710] SPR radius for FAST iterations: 25 (autodetect)
[00:19:12 -80651.4542221676965710] Model parameter optimization (eps = 3.0000000000000000)
[00:19:18 -80650.0794276546948822] FAST spr round 1 (radius: 25)
[00:32:46 -80546.0435233005409827] FAST spr round 2 (radius: 25)
[00:43:01 -80477.1873638654215029] FAST spr round 3 (radius: 25)
[00:50:12 -80476.2573645535740070] FAST spr round 4 (radius: 25)
[00:55:01 -80476.1574141452147160] Model parameter optimization (eps = 1.0000000000000000)
[00:55:05 -80475.9312100675742840] SLOW spr round 1 (radius: 5)
[00:59:05 -80475.6581171763828024] SLOW spr round 2 (radius: 5)
[01:02:37 -80475.6126720912725432] SLOW spr round 3 (radius: 10)
[01:07:39 -80474.9119123984128237] SLOW spr round 4 (radius: 5)
[01:11:19 -80474.8796342969581019] SLOW spr round 5 (radius: 10)
[01:16:21 -80474.7798301463772077] SLOW spr round 6 (radius: 15)
[01:22:00 -80474.6612401720194612] SLOW spr round 7 (radius: 5)
[01:26:01 -80474.6251034259476000] SLOW spr round 8 (radius: 10)
[01:31:33 -80474.5919770069885999] SLOW spr round 9 (radius: 15)
[01:37:47 -80474.5919710562593536] SLOW spr round 10 (radius: 20)
[01:45:05 -80452.5642354761657771] SLOW spr round 11 (radius: 5)
[01:49:49 -80435.7718295055674389] SLOW spr round 12 (radius: 5)
[01:54:03 -80418.1030290550843347] SLOW spr round 13 (radius: 5)
[01:58:09 -80390.4091547885909677] SLOW spr round 14 (radius: 5)
[02:02:11 -80390.4089429861051030] SLOW spr round 15 (radius: 10)
[02:07:41 -80382.5869440656388178] SLOW spr round 16 (radius: 5)
[02:11:47 -80372.1648184868099634] SLOW spr round 17 (radius: 5)
[02:15:29 -80372.1646069980633911] SLOW spr round 18 (radius: 10)
[02:20:43 -80372.0642903796251630] SLOW spr round 19 (radius: 5)
[02:24:49 -80372.0640723535034340] SLOW spr round 20 (radius: 10)
[02:30:20 -80372.0638613016053569] SLOW spr round 21 (radius: 15)
[02:36:36 -80372.0636503587884363] SLOW spr round 22 (radius: 20)
[02:43:50 -80371.9656004814605694] SLOW spr round 23 (radius: 25)
[02:53:35 -80371.9020320486597484] Model parameter optimization (eps = 0.1000000000000000)

[02:53:46] ML tree search #1, logLikelihood: -80371.8373359927791171


Optimized model parameters:

   Partition 0: noname
   Rate heterogeneity: GAMMA (6 cats, mean),  alpha: 0.8727281759511885 (ML),  weights&rates: (0.1666666666666667,0.0677613872354551) (0.1666666666666667,0.2505637806794591) (0.1666666666666667,0.5003164657553894) (0.1666666666666667,0.8507683541772044) (0.1666666666666667,1.4066314235273150) (0.1666666666666667,2.9239585886251769) 
   P-inv (ML): 0.4764123923281937
   Base frequencies (ML): 0.2976658670301560 0.1734503157552004 0.1903259425661309 0.3385578746485129 
   Substitution rates (ML): 0.2766266051459167 1.0912252573121823 0.2472996532679607 0.2548394513237002 3.0155117765306372 1.0000000000000000 


Final LogLikelihood: -80371.8373359927791171

AIC score: 167613.6746719855582342 / AICc score: 168511.5567564283264801 / BIC score: 196123.4099128904053941
Free parameters (model + branch lengths): 3435

Best ML tree saved to: /pasteur/entites/Bioevo/sars-cov2-data/20200425/alignments/subsampled_phylogenetic_4.fa.raxml.bestTree
Optimized model saved to: /pasteur/entites/Bioevo/sars-cov2-data/20200425/alignments/subsampled_phylogenetic_4.fa.raxml.bestModel

Execution log saved to: /pasteur/entites/Bioevo/sars-cov2-data/20200425/alignments/subsampled_phylogenetic_4.fa.raxml.log

Analysis started: 10-Jun-2020 16:27:24 / finished: 10-Jun-2020 19:21:11

Elapsed time: 10426.399 seconds

