
RAxML-NG v. 0.9.0 released on 20.05.2019 by The Exelixis Lab.
Developed by: Alexey M. Kozlov and Alexandros Stamatakis.
Contributors: Diego Darriba, Tomas Flouri, Benoit Morel, Sarah Lutteropp, Ben Bettisworth.
Latest version: https://github.com/amkozlov/raxml-ng
Questions/problems/suggestions? Please visit: https://groups.google.com/forum/#!forum/raxml

RAxML-NG was called at 10-Jun-2020 11:07:27 as follows:

raxml-ng --model GTR+G6+FO+IO --msa /pasteur/entites/Bioevo/sars-cov2-data/20200425/alignments/subsampled_genomic_3.fa --msa-format FASTA --data-type DNA --seed 239 --threads 12 --force --blmin 3.36406e-06 --precision 16 --tree /pasteur/entites/Bioevo/sars-cov2-data/20200425/phylogenies/raxfast_subsampled_genomic_3.start.nwk --simd avx2

Analysis options:
  run mode: ML tree search
  start tree(s): user
  random seed: 239
  tip-inner: OFF
  pattern compression: ON
  per-rate scalers: OFF
  site repeats: ON
  fast spr radius: AUTO
  spr subtree cutoff: 1.000000
  branch lengths: proportional (ML estimate, algorithm: NR-FAST)
  SIMD kernels: AVX2
  parallelization: PTHREADS (12 threads), thread pinning: OFF

WARNING: Running in FORCE mode: all safety checks are disabled!

[00:00:00] Reading alignment from file: /pasteur/entites/Bioevo/sars-cov2-data/20200425/alignments/subsampled_genomic_3.fa
[00:00:00] Loaded alignment with 1569 taxa and 29726 sites

Alignment comprises 1 partitions and 9112 patterns

Partition 0: noname
Model: GTR+FO+I+G6m
Alignment sites / patterns: 29726 / 9112
Gaps: 0.53 %
Invariant sites: 92.90 %


NOTE: Binary MSA file created: /pasteur/entites/Bioevo/sars-cov2-data/20200425/alignments/subsampled_genomic_3.fa.raxml.rba

[00:00:01] Loading user starting tree(s) from: /pasteur/entites/Bioevo/sars-cov2-data/20200425/phylogenies/raxfast_subsampled_genomic_3.start.nwk
[00:00:01] Data distribution: max. partitions/sites/weight per thread: 1 / 760 / 18240

Starting ML tree search with 1 distinct starting trees

[00:00:02 -68853.0806343143340200] Initial branch length optimization
[00:00:03 -68631.2320340022706660] Model parameter optimization (eps = 10.0000000000000000)
[00:00:18 -66337.4455695505457697] AUTODETECT spr round 1 (radius: 5)
[00:01:40 -66292.4817368640215136] AUTODETECT spr round 2 (radius: 10)
[00:03:35 -66242.7927243799204007] AUTODETECT spr round 3 (radius: 15)
[00:06:15 -66231.2043022034631576] AUTODETECT spr round 4 (radius: 20)
[00:09:55 -66210.1511892760754563] AUTODETECT spr round 5 (radius: 25)
[00:14:24 -66108.0968641814106377] SPR radius for FAST iterations: 25 (autodetect)
[00:14:24 -66108.0968641814106377] Model parameter optimization (eps = 3.0000000000000000)
[00:14:29 -66106.4206638280447805] FAST spr round 1 (radius: 25)
[00:24:01 -66003.4661299844301539] FAST spr round 2 (radius: 25)
[00:30:18 -66003.0943836770311464] FAST spr round 3 (radius: 25)
[00:34:56 -66002.9955607889714884] Model parameter optimization (eps = 1.0000000000000000)
[00:34:59 -66002.4495914610015461] SLOW spr round 1 (radius: 5)
[00:37:51 -66001.9164652901235968] SLOW spr round 2 (radius: 5)
[00:40:29 -66001.9146083910163725] SLOW spr round 3 (radius: 10)
[00:44:11 -66001.3809192769840593] SLOW spr round 4 (radius: 5)
[00:46:52 -66001.3808896757254843] SLOW spr round 5 (radius: 10)
[00:50:46 -66001.3650962157116737] SLOW spr round 6 (radius: 15)
[00:55:10 -66001.3455804531840840] SLOW spr round 7 (radius: 20)
[01:00:39 -66001.0534803761693183] SLOW spr round 8 (radius: 5)
[01:04:03 -66001.0534570066811284] SLOW spr round 9 (radius: 10)
[01:07:56 -66000.9546630360127892] SLOW spr round 10 (radius: 15)
[01:12:15 -66000.9546630360127892] SLOW spr round 11 (radius: 20)
[01:17:38 -66000.9546630360127892] SLOW spr round 12 (radius: 25)
[01:24:43 -66000.9546630360127892] Model parameter optimization (eps = 0.1000000000000000)

[01:24:51] ML tree search #1, logLikelihood: -66000.7488663178228308


Optimized model parameters:

   Partition 0: noname
   Rate heterogeneity: GAMMA (6 cats, mean),  alpha: 0.6921394688327102 (ML),  weights&rates: (0.1666666666666667,0.0395333474742789) (0.1666666666666667,0.1858627662862606) (0.1666666666666667,0.4230655118050347) (0.1666666666666667,0.7863908478994486) (0.1666666666666667,1.3980971992049738) (0.1666666666666667,3.1670503273300037) 
   P-inv (ML): 0.5409207462662009
   Base frequencies (ML): 0.2973316032808075 0.1761667823907319 0.1925336430519702 0.3339679712764905 
   Substitution rates (ML): 0.2794682151350934 0.9673123637087484 0.1936436612656283 0.1950231140571335 2.8860705678814353 1.0000000000000000 


Final LogLikelihood: -66000.7488663178228308

AIC score: 138291.4977326356456615 / AICc score: 139035.9800501676218119 / BIC score: 164394.2975383549346589
Free parameters (model + branch lengths): 3145

Best ML tree saved to: /pasteur/entites/Bioevo/sars-cov2-data/20200425/alignments/subsampled_genomic_3.fa.raxml.bestTree
Optimized model saved to: /pasteur/entites/Bioevo/sars-cov2-data/20200425/alignments/subsampled_genomic_3.fa.raxml.bestModel

Execution log saved to: /pasteur/entites/Bioevo/sars-cov2-data/20200425/alignments/subsampled_genomic_3.fa.raxml.log

Analysis started: 10-Jun-2020 11:07:27 / finished: 10-Jun-2020 12:32:18

Elapsed time: 5091.267 seconds

