
RAxML-NG v. 0.9.0 released on 20.05.2019 by The Exelixis Lab.
Developed by: Alexey M. Kozlov and Alexandros Stamatakis.
Contributors: Diego Darriba, Tomas Flouri, Benoit Morel, Sarah Lutteropp, Ben Bettisworth.
Latest version: https://github.com/amkozlov/raxml-ng
Questions/problems/suggestions? Please visit: https://groups.google.com/forum/#!forum/raxml

RAxML-NG was called at 10-Jun-2020 11:06:54 as follows:

raxml-ng --model GTR+G6+FO+IO --msa /pasteur/entites/Bioevo/sars-cov2-data/20200425/alignments/subsampled_genomic_1.fa --msa-format FASTA --data-type DNA --seed 239 --threads 12 --force --blmin 3.36406e-06 --precision 16 --tree /pasteur/entites/Bioevo/sars-cov2-data/20200425/phylogenies/raxfast_subsampled_genomic_1.start.nwk --simd avx2

Analysis options:
  run mode: ML tree search
  start tree(s): user
  random seed: 239
  tip-inner: OFF
  pattern compression: ON
  per-rate scalers: OFF
  site repeats: ON
  fast spr radius: AUTO
  spr subtree cutoff: 1.000000
  branch lengths: proportional (ML estimate, algorithm: NR-FAST)
  SIMD kernels: AVX2
  parallelization: PTHREADS (12 threads), thread pinning: OFF

WARNING: Running in FORCE mode: all safety checks are disabled!

[00:00:00] Reading alignment from file: /pasteur/entites/Bioevo/sars-cov2-data/20200425/alignments/subsampled_genomic_1.fa
[00:00:00] Loaded alignment with 1571 taxa and 29726 sites

Alignment comprises 1 partitions and 9065 patterns

Partition 0: noname
Model: GTR+FO+I+G6m
Alignment sites / patterns: 29726 / 9065
Gaps: 0.53 %
Invariant sites: 92.97 %


NOTE: Binary MSA file created: /pasteur/entites/Bioevo/sars-cov2-data/20200425/alignments/subsampled_genomic_1.fa.raxml.rba

[00:00:02] Loading user starting tree(s) from: /pasteur/entites/Bioevo/sars-cov2-data/20200425/phylogenies/raxfast_subsampled_genomic_1.start.nwk
[00:00:02] Data distribution: max. partitions/sites/weight per thread: 1 / 756 / 18144

Starting ML tree search with 1 distinct starting trees

[00:00:03 -68732.6521690238441806] Initial branch length optimization
[00:00:04 -68509.2630126201111125] Model parameter optimization (eps = 10.0000000000000000)
[00:00:21 -66197.3644172916974640] AUTODETECT spr round 1 (radius: 5)
[00:01:42 -66118.0298335132101784] AUTODETECT spr round 2 (radius: 10)
[00:03:35 -66108.4351653042103862] AUTODETECT spr round 3 (radius: 15)
[00:06:12 -66060.5890342320781201] AUTODETECT spr round 4 (radius: 20)
[00:09:39 -65973.7412786306958878] AUTODETECT spr round 5 (radius: 25)
[00:13:28 -65893.1085394691326655] SPR radius for FAST iterations: 25 (autodetect)
[00:13:28 -65893.1085394691326655] Model parameter optimization (eps = 3.0000000000000000)
[00:13:32 -65890.8027853438252350] FAST spr round 1 (radius: 25)
[00:22:00 -65842.0582492250832729] FAST spr round 2 (radius: 25)
[00:27:33 -65841.8500637761899270] FAST spr round 3 (radius: 25)
[00:31:33 -65841.7513466694654198] Model parameter optimization (eps = 1.0000000000000000)
[00:31:36 -65841.3908940888795769] SLOW spr round 1 (radius: 5)
[00:34:10 -65840.7988507963746088] SLOW spr round 2 (radius: 5)
[00:36:35 -65840.7988507963746088] SLOW spr round 3 (radius: 10)
[00:39:59 -65840.4398303117777687] SLOW spr round 4 (radius: 5)
[00:42:26 -65840.4398001197550911] SLOW spr round 5 (radius: 10)
[00:45:44 -65840.3411502124217805] SLOW spr round 6 (radius: 15)
[00:49:34 -65840.1694395601662109] SLOW spr round 7 (radius: 5)
[00:52:11 -65840.1694342025875812] SLOW spr round 8 (radius: 10)
[00:55:30 -65840.1368422210944118] SLOW spr round 9 (radius: 15)
[00:59:19 -65840.1368422210944118] SLOW spr round 10 (radius: 20)
[01:04:05 -65839.9587992703163764] SLOW spr round 11 (radius: 5)
[01:06:54 -65839.9587992703163764] SLOW spr round 12 (radius: 10)
[01:10:12 -65839.9041472115641227] SLOW spr round 13 (radius: 15)
[01:13:59 -65839.9041472115641227] SLOW spr round 14 (radius: 20)
[01:18:39 -65839.8054254706366919] SLOW spr round 15 (radius: 25)
[01:24:30 -65831.9598090161016444] SLOW spr round 16 (radius: 5)
[01:27:27 -65824.9095713624119526] SLOW spr round 17 (radius: 5)
[01:29:52 -65818.0912463086133357] SLOW spr round 18 (radius: 5)
[01:32:18 -65817.9924522414075909] SLOW spr round 19 (radius: 10)
[01:35:35 -65817.9924522414075909] SLOW spr round 20 (radius: 15)
[01:39:24 -65817.9924467636883492] SLOW spr round 21 (radius: 20)
[01:44:03 -65817.9924467636883492] SLOW spr round 22 (radius: 25)
[01:49:52 -65817.9924467636883492] Model parameter optimization (eps = 0.1000000000000000)

[01:49:57] ML tree search #1, logLikelihood: -65817.7143063260591589


Optimized model parameters:

   Partition 0: noname
   Rate heterogeneity: GAMMA (6 cats, mean),  alpha: 0.6995665770579557 (ML),  weights&rates: (0.1666666666666667,0.0406361230167535) (0.1666666666666667,0.1887428583033093) (0.1666666666666667,0.4267530013780277) (0.1666666666666667,0.7896693867983287) (0.1666666666666667,1.3988304258651754) (0.1666666666666667,3.1553682046384051) 
   P-inv (ML): 0.5440136867536938
   Base frequencies (ML): 0.2973413890613971 0.1762696294307164 0.1924922272567615 0.3338967542511250 
   Substitution rates (ML): 0.2726921598347488 0.9797948298425855 0.1843864345836272 0.2064184486931185 2.9558673016571553 1.0000000000000000 


Final LogLikelihood: -65817.7143063260591589

AIC score: 137933.4286126521183178 / AICc score: 138679.9179263185942546 / BIC score: 164069.4275278222630732
Free parameters (model + branch lengths): 3149

Best ML tree saved to: /pasteur/entites/Bioevo/sars-cov2-data/20200425/alignments/subsampled_genomic_1.fa.raxml.bestTree
Optimized model saved to: /pasteur/entites/Bioevo/sars-cov2-data/20200425/alignments/subsampled_genomic_1.fa.raxml.bestModel

Execution log saved to: /pasteur/entites/Bioevo/sars-cov2-data/20200425/alignments/subsampled_genomic_1.fa.raxml.log

Analysis started: 10-Jun-2020 11:06:54 / finished: 10-Jun-2020 12:56:52

Elapsed time: 6597.637 seconds

