
RAxML-NG v. 0.9.0 released on 20.05.2019 by The Exelixis Lab.
Developed by: Alexey M. Kozlov and Alexandros Stamatakis.
Contributors: Diego Darriba, Tomas Flouri, Benoit Morel, Sarah Lutteropp, Ben Bettisworth.
Latest version: https://github.com/amkozlov/raxml-ng
Questions/problems/suggestions? Please visit: https://groups.google.com/forum/#!forum/raxml

RAxML-NG was called at 10-Jun-2020 11:07:20 as follows:

raxml-ng --model GTR+G6+FO+IO --msa /pasteur/entites/Bioevo/sars-cov2-data/20200425/alignments/subsampled_genomic_4.fa --msa-format FASTA --data-type DNA --seed 239 --threads 12 --force --blmin 3.36406e-06 --precision 16 --tree /pasteur/entites/Bioevo/sars-cov2-data/20200425/phylogenies/raxfast_subsampled_genomic_4.start.nwk --simd avx2

Analysis options:
  run mode: ML tree search
  start tree(s): user
  random seed: 239
  tip-inner: OFF
  pattern compression: ON
  per-rate scalers: OFF
  site repeats: ON
  fast spr radius: AUTO
  spr subtree cutoff: 1.000000
  branch lengths: proportional (ML estimate, algorithm: NR-FAST)
  SIMD kernels: AVX2
  parallelization: PTHREADS (12 threads), thread pinning: OFF

WARNING: Running in FORCE mode: all safety checks are disabled!

[00:00:00] Reading alignment from file: /pasteur/entites/Bioevo/sars-cov2-data/20200425/alignments/subsampled_genomic_4.fa
[00:00:00] Loaded alignment with 1560 taxa and 29726 sites

Alignment comprises 1 partitions and 9020 patterns

Partition 0: noname
Model: GTR+FO+I+G6m
Alignment sites / patterns: 29726 / 9020
Gaps: 0.52 %
Invariant sites: 92.94 %


NOTE: Binary MSA file created: /pasteur/entites/Bioevo/sars-cov2-data/20200425/alignments/subsampled_genomic_4.fa.raxml.rba

[00:00:01] Loading user starting tree(s) from: /pasteur/entites/Bioevo/sars-cov2-data/20200425/phylogenies/raxfast_subsampled_genomic_4.start.nwk
[00:00:01] Data distribution: max. partitions/sites/weight per thread: 1 / 752 / 18048

Starting ML tree search with 1 distinct starting trees

[00:00:02 -68720.3631925449153641] Initial branch length optimization
[00:00:03 -68496.0057342927611899] Model parameter optimization (eps = 10.0000000000000000)
[00:00:19 -66176.1304526067688130] AUTODETECT spr round 1 (radius: 5)
[00:01:39 -66115.1126157891994808] AUTODETECT spr round 2 (radius: 10)
[00:03:44 -66081.8246934013150167] AUTODETECT spr round 3 (radius: 15)
[00:06:34 -66006.7190221000055317] AUTODETECT spr round 4 (radius: 20)
[00:10:33 -65991.9077330047148280] AUTODETECT spr round 5 (radius: 25)
[00:15:20 -65836.7902332009689417] SPR radius for FAST iterations: 25 (autodetect)
[00:15:20 -65836.7902332009689417] Model parameter optimization (eps = 3.0000000000000000)
[00:15:25 -65834.1713206824351801] FAST spr round 1 (radius: 25)
[00:25:44 -65802.8334406651702011] FAST spr round 2 (radius: 25)
[00:32:29 -65802.5131528237689054] FAST spr round 3 (radius: 25)
[00:37:07 -65802.4145212423463818] Model parameter optimization (eps = 1.0000000000000000)
[00:37:13 -65802.1071542309509823] SLOW spr round 1 (radius: 5)
[00:40:14 -65801.8643500809266698] SLOW spr round 2 (radius: 5)
[00:43:26 -65801.8643483381310944] SLOW spr round 3 (radius: 10)
[00:47:35 -65801.4557513893523719] SLOW spr round 4 (radius: 5)
[00:50:52 -65801.4557161365082720] SLOW spr round 5 (radius: 10)
[00:54:59 -65801.3580200209980831] SLOW spr round 6 (radius: 15)
[00:59:52 -65801.3335486160358414] SLOW spr round 7 (radius: 20)
[01:05:59 -65801.2623849970113952] SLOW spr round 8 (radius: 25)
[01:13:09 -65801.2623849970113952] Model parameter optimization (eps = 0.1000000000000000)

[01:13:17] ML tree search #1, logLikelihood: -65800.9295297772041522


Optimized model parameters:

   Partition 0: noname
   Rate heterogeneity: GAMMA (6 cats, mean),  alpha: 0.6826342244265526 (ML),  weights&rates: (0.1666666666666667,0.0381328622208041) (0.1666666666666667,0.1821500241070048) (0.1666666666666667,0.4182722500633616) (0.1666666666666667,0.7820969884635385) (0.1666666666666667,1.3970933050083436) (0.1666666666666667,3.1822545701369478) 
   P-inv (ML): 0.5490508399266927
   Base frequencies (ML): 0.2974130188489337 0.1763047745306892 0.1926302449377156 0.3336519616826615 
   Substitution rates (ML): 0.2630914024692758 1.0331760036413500 0.1967185076716680 0.1998651831742810 3.0140177099093028 1.0000000000000000 


Final LogLikelihood: -65800.9295297772041522

AIC score: 137855.8590595544083044 / AICc score: 138591.3471413650840987 / BIC score: 163809.2628727449337021
Free parameters (model + branch lengths): 3127

Best ML tree saved to: /pasteur/entites/Bioevo/sars-cov2-data/20200425/alignments/subsampled_genomic_4.fa.raxml.bestTree
Optimized model saved to: /pasteur/entites/Bioevo/sars-cov2-data/20200425/alignments/subsampled_genomic_4.fa.raxml.bestModel

Execution log saved to: /pasteur/entites/Bioevo/sars-cov2-data/20200425/alignments/subsampled_genomic_4.fa.raxml.log

Analysis started: 10-Jun-2020 11:07:20 / finished: 10-Jun-2020 12:20:38

Elapsed time: 4397.883 seconds

