
LEAST-SQUARE METHODS TO ESTIMATE RATES AND DATES - v1.6.5 


Input files:
  i                                               Input tree file : /home/azhukova/projects/phylocovid/data/20200425/phylogenies/rooted_raxfast_subsampled_genomic_1.duplicated.collapsed.named.nwk
  d                                               Input date file : /home/azhukova/projects/phylocovid/data/20200425/timetrees/raxfast_subsampled_genomic_1.lsd2.dates
  p                                                Partition file : No
Output file:
  o                                                  Output file  : /home/azhukova/projects/phylocovid/data/20200425/timetrees/raxfast_subsampled_genomic_1.wd_lsd2
Parameters:
  c                                              With constraints : Yes
  t                                      Lower bound for the rate : 1e-10
  v                                                With variances : No
  r                                             Estimate the root : No
  w                                       Given substitution rate : No
  g                                               Given outgroups : No
  n                                             Multiple data set : No
  f                                  Compute confidence intervals : Yes, sampling 1000 times
  q                  Standard deviation of lognormal relaxed clock: 0.2 (for computing confidence intervals)
  s                                               Sequence length : 29726
  e                                          Exclude outlier tips : Yes, detect and exclude outliers from the analysis
  m                   Number of sampling nodes to detect outliers : 641
  e                       The Zscore threshold to detect outliers : 3
  u                Min internal branch length of time scaled tree : 0
  U                Min external branch length of time scaled tree : 0
  l                        Collapsed internal branch length limit : 0
  D                                            Output date format : Based on input date format

  h to print Help 
  y to accept or type a letter to change an option (x = Exit) 
Tree 1 
*WARNINGS:
- There are some nodes in the input date file that are not present in the input tree.
*RESULTS:
- The input dates associated with the following 44 nodes are considered as outliers, so the nodes were removed from the analysis:  EPI_ISL_416386 EPI_ISL_417969 EPI_ISL_418374 EPI_ISL_426059 EPI_ISL_428375 EPI_ISL_417445 EPI_ISL_420425 EPI_ISL_406595 EPI_ISL_429063 EPI_ISL_418082 EPI_ISL_424181 EPI_ISL_424275 EPI_ISL_427231 EPI_ISL_411951 EPI_ISL_427417 EPI_ISL_427416 EPI_ISL_427406 EPI_ISL_427407 EPI_ISL_427408 EPI_ISL_427419 EPI_ISL_427405 EPI_ISL_428456 EPI_ISL_416884 EPI_ISL_428268 EPI_ISL_428307 EPI_ISL_428327 EPI_ISL_428305 EPI_ISL_428337 EPI_ISL_428309 EPI_ISL_428313 EPI_ISL_428271 EPI_ISL_428310 EPI_ISL_428253 EPI_ISL_428270 EPI_ISL_428265 EPI_ISL_428339 EPI_ISL_428292 EPI_ISL_428257 EPI_ISL_428730 EPI_ISL_422565 EPI_ISL_422564 EPI_ISL_402123 EPI_ISL_425998 n1
- Dating results:
 rate 0.000356514, tMRCA 2019.92, objective function 0.0892261
- Results with confidence intervals:
 rate 0.000356514 [0.00028881; 0.000390054], tMRCA 2019.92 [2019.86; 2019.94], objective function 0.0892261

*********************************************************

TOTAL ELAPSED TIME: 19.5535 seconds
