
LEAST-SQUARE METHODS TO ESTIMATE RATES AND DATES - v1.6.5 


Input files:
  i                                               Input tree file : /home/azhukova/projects/phylocovid/data/20200425/phylogenies/rooted_raxfast_subsampled_phylogenetic_3.duplicated.collapsed.named.nwk
  d                                               Input date file : /home/azhukova/projects/phylocovid/data/20200425/timetrees/raxfast_subsampled_phylogenetic_3.lsd2.dates
  p                                                Partition file : No
Output file:
  o                                                  Output file  : /home/azhukova/projects/phylocovid/data/20200425/timetrees/raxfast_subsampled_phylogenetic_3.wd_lsd2
Parameters:
  c                                              With constraints : Yes
  t                                      Lower bound for the rate : 1e-10
  v                                                With variances : No
  r                                             Estimate the root : No
  w                                       Given substitution rate : No
  g                                               Given outgroups : No
  n                                             Multiple data set : No
  f                                  Compute confidence intervals : Yes, sampling 1000 times
  q                  Standard deviation of lognormal relaxed clock: 0.2 (for computing confidence intervals)
  s                                               Sequence length : 29726
  e                                          Exclude outlier tips : Yes, detect and exclude outliers from the analysis
  m                   Number of sampling nodes to detect outliers : 667
  e                       The Zscore threshold to detect outliers : 3
  u                Min internal branch length of time scaled tree : 0
  U                Min external branch length of time scaled tree : 0
  l                        Collapsed internal branch length limit : 0
  D                                            Output date format : Based on input date format

  h to print Help 
  y to accept or type a letter to change an option (x = Exit) 
Tree 1 
*WARNINGS:
- There are some nodes in the input date file that are not present in the input tree.
*RESULTS:
- The input dates associated with the following 18 nodes are considered as outliers, so the nodes were removed from the analysis:  EPI_ISL_408485 EPI_ISL_420520 EPI_ISL_419313 EPI_ISL_426059 EPI_ISL_415159 EPI_ISL_428948 EPI_ISL_417969 EPI_ISL_417191 EPI_ISL_412971 EPI_ISL_417445 EPI_ISL_427404 EPI_ISL_419243 EPI_ISL_427405 EPI_ISL_406595 EPI_ISL_412459 EPI_ISL_422565 EPI_ISL_422564 EPI_ISL_402123
- Dating results:
 rate 0.000457546, tMRCA 2019.94, objective function 0.147097
- Results with confidence intervals:
 rate 0.000457546 [0.000390993; 0.000488698], tMRCA 2019.94 [2019.91; 2019.94], objective function 0.147097

*********************************************************

TOTAL ELAPSED TIME: 22.7109 seconds
